# JRE version: Java(TM) SE Runtime Environment (22.0+36) (build 22+36-2370)
# Java VM: Java HotSpot(TM) 64-Bit Server VM (22+36-2370, mixed mode, sharing, tiered, compressed oops, compressed class ptrs, g1 gc, windows-amd64)
GC Precious Log:
 CardTable entry size: 512
 Card Set container configuration: InlinePtr #cards 5 size 8 Array Of Cards #cards 12 size 40 Howl #buckets 4 coarsen threshold 1843 Howl Bitmap #cards 512 size 80 coarsen threshold 460 Card regions per heap region 1 cards per card region 2048
 CPUs: 8 total, 8 available
 Memory: 7987M
 Large Page Support: Disabled
 NUMA Support: Disabled
 Compressed Oops: Enabled (32-bit)
 Heap Region Size: 1M
 Heap Min Capacity: 8M
 Heap Initial Capacity: 126M
 Heap Max Capacity: 1998M
 Pre-touch: Disabled
 Parallel Workers: 8
 Concurrent Workers: 2
 Concurrent Refinement Workers: 8
 Periodic GC: Disabled
Heap:
 garbage-first heap   total reserved 2045952K, committed 61440K, used 37894K [0x0000000083200000, 0x0000000100000000)
  region size 1024K, 7 young (7168K), 3 survivors (3072K)
 Metaspace       used 71052K, committed 71872K, reserved 1114112K
  class space    used 9793K, committed 10176K, reserved 1048576K
GC Heap History (20 events):
Event: 5.905 GC heap before
{Heap before GC invocations=13 (full 0):
 garbage-first heap   total reserved 2045952K, committed 48128K, used 41153K [0x0000000083200000, 0x0000000100000000)
  region size 1024K, 19 young (19456K), 3 survivors (3072K)
 Metaspace       used 48215K, committed 48832K, reserved 1114112K
  class space    used 6441K, committed 6720K, reserved 1048576K
}
Event: 5.908 GC heap after
{Heap after GC invocations=14 (full 0):
 garbage-first heap   total reserved 2045952K, committed 48128K, used 26085K [0x0000000083200000, 0x0000000100000000)
  region size 1024K, 2 young (2048K), 2 survivors (2048K)
 Metaspace       used 48215K, committed 48832K, reserved 1114112K
  class space    used 6441K, committed 6720K, reserved 1048576K
}
Event: 6.186 GC heap before
{Heap before GC invocations=15 (full 0):
 garbage-first heap   total reserved 2045952K, committed 48128K, used 40421K [0x0000000083200000, 0x0000000100000000)
  region size 1024K, 17 young (17408K), 2 survivors (2048K)
 Metaspace       used 50502K, committed 51072K, reserved 1114112K
  class space    used 6725K, committed 6976K, reserved 1048576K
}
Event: 6.187 GC heap after
{Heap after GC invocations=16 (full 0):
 garbage-first heap   total reserved 2045952K, committed 48128K, used 26869K [0x0000000083200000, 0x0000000100000000)
  region size 1024K, 3 young (3072K), 3 survivors (3072K)
 Metaspace       used 50502K, committed 51072K, reserved 1114112K
  class space    used 6725K, committed 6976K, reserved 1048576K
}
Event: 6.370 GC heap before
{Heap before GC invocations=16 (full 0):
 garbage-first heap   total reserved 2045952K, committed 48128K, used 39157K [0x0000000083200000, 0x0000000100000000)
  region size 1024K, 16 young (16384K), 3 survivors (3072K)
 Metaspace       used 54848K, committed 55424K, reserved 1114112K
  class space    used 7366K, committed 7616K, reserved 1048576K
}
Event: 6.373 GC heap after
{Heap after GC invocations=17 (full 0):
 garbage-first heap   total reserved 2045952K, committed 58368K, used 27305K [0x0000000083200000, 0x0000000100000000)
  region size 1024K, 2 young (2048K), 2 survivors (2048K)
 Metaspace       used 54848K, committed 55424K, reserved 1114112K
  class space    used 7366K, committed 7616K, reserved 1048576K
}
Event: 6.713 GC heap before
{Heap before GC invocations=17 (full 0):
 garbage-first heap   total reserved 2045952K, committed 58368K, used 50857K [0x0000000083200000, 0x0000000100000000)
  region size 1024K, 25 young (25600K), 2 survivors (2048K)
 Metaspace       used 58255K, committed 58944K, reserved 1114112K
  class space    used 7949K, committed 8256K, reserved 1048576K
}
Event: 6.715 GC heap after
{Heap after GC invocations=18 (full 0):
 garbage-first heap   total reserved 2045952K, committed 58368K, used 27877K [0x0000000083200000, 0x0000000100000000)
  region size 1024K, 3 young (3072K), 3 survivors (3072K)
 Metaspace       used 58255K, committed 58944K, reserved 1114112K
  class space    used 7949K, committed 8256K, reserved 1048576K
}
Event: 7.044 GC heap before
{Heap before GC invocations=19 (full 0):
 garbage-first heap   total reserved 2045952K, committed 58368K, used 48357K [0x0000000083200000, 0x0000000100000000)
  region size 1024K, 24 young (24576K), 3 survivors (3072K)
 Metaspace       used 62148K, committed 62848K, reserved 1114112K
  class space    used 8481K, committed 8768K, reserved 1048576K
}
Event: 7.047 GC heap after
{Heap after GC invocations=20 (full 0):
 garbage-first heap   total reserved 2045952K, committed 58368K, used 29210K [0x0000000083200000, 0x0000000100000000)
  region size 1024K, 3 young (3072K), 3 survivors (3072K)
 Metaspace       used 62148K, committed 62848K, reserved 1114112K
  class space    used 8481K, committed 8768K, reserved 1048576K
}
Event: 7.593 GC heap before
{Heap before GC invocations=20 (full 0):
 garbage-first heap   total reserved 2045952K, committed 58368K, used 50714K [0x0000000083200000, 0x0000000100000000)
  region size 1024K, 24 young (24576K), 3 survivors (3072K)
 Metaspace       used 64697K, committed 65408K, reserved 1114112K
  class space    used 8878K, committed 9152K, reserved 1048576K
}
Event: 7.597 GC heap after
{Heap after GC invocations=21 (full 0):
 garbage-first heap   total reserved 2045952K, committed 58368K, used 30754K [0x0000000083200000, 0x0000000100000000)
  region size 1024K, 3 young (3072K), 3 survivors (3072K)
 Metaspace       used 64697K, committed 65408K, reserved 1114112K
  class space    used 8878K, committed 9152K, reserved 1048576K
}
Event: 7.922 GC heap before
{Heap before GC invocations=21 (full 0):
 garbage-first heap   total reserved 2045952K, committed 58368K, used 50210K [0x0000000083200000, 0x0000000100000000)
  region size 1024K, 22 young (22528K), 3 survivors (3072K)
 Metaspace       used 66124K, committed 66880K, reserved 1114112K
  class space    used 9071K, committed 9408K, reserved 1048576K
}
Event: 7.925 GC heap after
{Heap after GC invocations=22 (full 0):
 garbage-first heap   total reserved 2045952K, committed 58368K, used 32378K [0x0000000083200000, 0x0000000100000000)
  region size 1024K, 2 young (2048K), 2 survivors (2048K)
 Metaspace       used 66124K, committed 66880K, reserved 1114112K
  class space    used 9071K, committed 9408K, reserved 1048576K
}
Event: 8.499 GC heap before
{Heap before GC invocations=23 (full 0):
 garbage-first heap   total reserved 2045952K, committed 58368K, used 50810K [0x0000000083200000, 0x0000000100000000)
  region size 1024K, 20 young (20480K), 2 survivors (2048K)
 Metaspace       used 67652K, committed 68416K, reserved 1114112K
  class space    used 9303K, committed 9664K, reserved 1048576K
}
Event: 8.503 GC heap after
{Heap after GC invocations=24 (full 0):
 garbage-first heap   total reserved 2045952K, committed 58368K, used 33871K [0x0000000083200000, 0x0000000100000000)
  region size 1024K, 3 young (3072K), 3 survivors (3072K)
 Metaspace       used 67652K, committed 68416K, reserved 1114112K
  class space    used 9303K, committed 9664K, reserved 1048576K
}
Event: 9.004 GC heap before
{Heap before GC invocations=24 (full 0):
 garbage-first heap   total reserved 2045952K, committed 58368K, used 50255K [0x0000000083200000, 0x0000000100000000)
  region size 1024K, 19 young (19456K), 3 survivors (3072K)
 Metaspace       used 69027K, committed 69760K, reserved 1114112K
  class space    used 9506K, committed 9856K, reserved 1048576K
}
Event: 9.010 GC heap after
{Heap after GC invocations=25 (full 0):
 garbage-first heap   total reserved 2045952K, committed 58368K, used 34712K [0x0000000083200000, 0x0000000100000000)
  region size 1024K, 3 young (3072K), 3 survivors (3072K)
 Metaspace       used 69027K, committed 69760K, reserved 1114112K
  class space    used 9506K, committed 9856K, reserved 1048576K
}
Event: 43.265 GC heap before
{Heap before GC invocations=25 (full 0):
 garbage-first heap   total reserved 2045952K, committed 58368K, used 50072K [0x0000000083200000, 0x0000000100000000)
  region size 1024K, 18 young (18432K), 3 survivors (3072K)
 Metaspace       used 70273K, committed 71104K, reserved 1114112K
  class space    used 9680K, committed 10048K, reserved 1048576K
}
Event: 43.268 GC heap after
{Heap after GC invocations=26 (full 0):
 garbage-first heap   total reserved 2045952K, committed 58368K, used 35846K [0x0000000083200000, 0x0000000100000000)
  region size 1024K, 3 young (3072K), 3 survivors (3072K)
 Metaspace       used 70273K, committed 71104K, reserved 1114112K
  class space    used 9680K, committed 10048K, reserved 1048576K
}

